{"numTotalTestSuites":38,"numPassedTestSuites":38,"numFailedTestSuites":0,"numPendingTestSuites":0,"numTotalTests":117,"numPassedTests":117,"numFailedTests":0,"numPendingTests":0,"numTodoTests":0,"snapshot":{"added":0,"failure":false,"filesAdded":0,"filesRemoved":0,"filesRemovedList":[],"filesUnmatched":0,"filesUpdated":0,"matched":0,"total":0,"unchecked":0,"uncheckedKeysByFile":[],"unmatched":0,"updated":0,"didUpdate":false},"startTime":1767020756761,"success":true,"testResults":[{"assertionResults":[{"ancestorTitles":["Route Protection System","isSuperAdminEmail"],"fullName":"Route Protection System isSuperAdminEmail should return true for super admin email","status":"passed","title":"should return true for super admin email","duration":1.588200000000029,"failureMessages":[],"meta":{}},{"ancestorTitles":["Route Protection System","isSuperAdminEmail"],"fullName":"Route Protection System isSuperAdminEmail should return false for non-super admin email","status":"passed","title":"should return false for non-super admin email","duration":0.21730000000002292,"failureMessages":[],"meta":{}},{"ancestorTitles":["Route Protection System","isSuperAdminEmail"],"fullName":"Route Protection System isSuperAdminEmail should return false for undefined email","status":"passed","title":"should return false for undefined email","duration":0.15210000000001855,"failureMessages":[],"meta":{}},{"ancestorTitles":["Route Protection System","isSuperAdminEmail"],"fullName":"Route Protection System isSuperAdminEmail should be case-insensitive","status":"passed","title":"should be case-insensitive","duration":0.2156999999999698,"failureMessages":[],"meta":{}},{"ancestorTitles":["Route Protection System","isSuperAdminEmail"],"fullName":"Route Protection System isSuperAdminEmail should handle multiple super admin emails","status":"passed","title":"should handle multiple super admin emails","duration":0.23270000000002256,"failureMessages":[],"meta":{}},{"ancestorTitles":["Route Protection System","isAdminEmail"],"fullName":"Route Protection System isAdminEmail should return true for super admin email","status":"passed","title":"should return true for super admin email","duration":0.1933999999999969,"failureMessages":[],"meta":{}},{"ancestorTitles":["Route Protection System","isAdminEmail"],"fullName":"Route Protection System isAdminEmail should return true for regular admin email","status":"passed","title":"should return true for regular admin email","duration":0.17260000000010223,"failureMessages":[],"meta":{}},{"ancestorTitles":["Route Protection System","isAdminEmail"],"fullName":"Route Protection System isAdminEmail should return false for non-admin email","status":"passed","title":"should return false for non-admin email","duration":0.12969999999995707,"failureMessages":[],"meta":{}},{"ancestorTitles":["Route Protection System","isAdminEmail"],"fullName":"Route Protection System isAdminEmail should return false for undefined email","status":"passed","title":"should return false for undefined email","duration":0.1671999999999798,"failureMessages":[],"meta":{}},{"ancestorTitles":["Route Protection System","verifySuperAdminKey"],"fullName":"Route Protection System verifySuperAdminKey should return true for valid super admin API key","status":"passed","title":"should return true for valid super admin API key","duration":0.1978999999998905,"failureMessages":[],"meta":{}},{"ancestorTitles":["Route Protection System","verifySuperAdminKey"],"fullName":"Route Protection System verifySuperAdminKey should return false for invalid API key","status":"passed","title":"should return false for invalid API key","duration":0.1190000000000282,"failureMessages":[],"meta":{}},{"ancestorTitles":["Route Protection System","verifySuperAdminKey"],"fullName":"Route Protection System verifySuperAdminKey should return false when no API key is configured","status":"passed","title":"should return false when no API key is configured","duration":0.10739999999998417,"failureMessages":[],"meta":{}},{"ancestorTitles":["Route Protection System","protectAdminRoute - Unauthorized Access"],"fullName":"Route Protection System protectAdminRoute - Unauthorized Access should reject request without authentication","status":"passed","title":"should reject request without authentication","duration":26.60540000000003,"failureMessages":[],"meta":{}},{"ancestorTitles":["Route Protection System","protectAdminRoute - Unauthorized Access"],"fullName":"Route Protection System protectAdminRoute - Unauthorized Access should reject request with invalid JWT token","status":"passed","title":"should reject request with invalid JWT token","duration":0.6584000000000287,"failureMessages":[],"meta":{}},{"ancestorTitles":["Route Protection System","protectAdminRoute - Unauthorized Access"],"fullName":"Route Protection System protectAdminRoute - Unauthorized Access should reject regular user for super-admin route","status":"passed","title":"should reject regular user for super-admin route","duration":0.5141999999999598,"failureMessages":[],"meta":{}},{"ancestorTitles":["Route Protection System","protectAdminRoute - Unauthorized Access"],"fullName":"Route Protection System protectAdminRoute - Unauthorized Access should reject regular admin for super-admin route","status":"passed","title":"should reject regular admin for super-admin route","duration":0.5950000000000273,"failureMessages":[],"meta":{}},{"ancestorTitles":["Route Protection System","protectAdminRoute - Authorized Access"],"fullName":"Route Protection System protectAdminRoute - Authorized Access should allow super admin with valid JWT token","status":"passed","title":"should allow super admin with valid JWT token","duration":0.4473000000000411,"failureMessages":[],"meta":{}},{"ancestorTitles":["Route Protection System","protectAdminRoute - Authorized Access"],"fullName":"Route Protection System protectAdminRoute - Authorized Access should allow super admin with API key","status":"passed","title":"should allow super admin with API key","duration":0.371599999999944,"failureMessages":[],"meta":{}},{"ancestorTitles":["Route Protection System","protectAdminRoute - Authorized Access"],"fullName":"Route Protection System protectAdminRoute - Authorized Access should allow regular admin for admin-level route","status":"passed","title":"should allow regular admin for admin-level route","duration":0.2921999999999798,"failureMessages":[],"meta":{}},{"ancestorTitles":["Route Protection System","protectAdminRoute - Authorized Access"],"fullName":"Route Protection System protectAdminRoute - Authorized Access should allow super admin for admin-level route (super admins are also admins)","status":"passed","title":"should allow super admin for admin-level route (super admins are also admins)","duration":0.2799999999999727,"failureMessages":[],"meta":{}},{"ancestorTitles":["Route Protection System","createUnauthorizedResponse"],"fullName":"Route Protection System createUnauthorizedResponse should create 401 response with correct headers","status":"passed","title":"should create 401 response with correct headers","duration":2.149499999999989,"failureMessages":[],"meta":{}},{"ancestorTitles":["Route Protection System","createForbiddenResponse"],"fullName":"Route Protection System createForbiddenResponse should create 403 response with correct headers","status":"passed","title":"should create 403 response with correct headers","duration":0.5306000000000495,"failureMessages":[],"meta":{}},{"ancestorTitles":["Route Protection System","Edge Cases"],"fullName":"Route Protection System Edge Cases should handle missing JWT_SECRET gracefully","status":"passed","title":"should handle missing JWT_SECRET gracefully","duration":0.33299999999997,"failureMessages":[],"meta":{}},{"ancestorTitles":["Route Protection System","Edge Cases"],"fullName":"Route Protection System Edge Cases should handle empty admin email lists","status":"passed","title":"should handle empty admin email lists","duration":0.3224999999999909,"failureMessages":[],"meta":{}}],"startTime":1767020757733,"endTime":1767020757770.333,"status":"passed","message":"","name":"C:/Users/mamop/Documents/source fade script plugin/packages/api-framework/route-protection.test.ts"},{"assertionResults":[{"ancestorTitles":["Upload Limits Configuration","BASE_UPLOAD_LIMIT"],"fullName":"Upload Limits Configuration BASE_UPLOAD_LIMIT should be 10 MB (10 * 1024 * 1024 bytes)","status":"passed","title":"should be 10 MB (10 * 1024 * 1024 bytes)","duration":2.331099999999992,"failureMessages":[],"meta":{}},{"ancestorTitles":["Upload Limits Configuration","BASE_UPLOAD_LIMIT"],"fullName":"Upload Limits Configuration BASE_UPLOAD_LIMIT should be a number","status":"passed","title":"should be a number","duration":0.2600999999999658,"failureMessages":[],"meta":{}},{"ancestorTitles":["Upload Limits Configuration","DEFAULT_UPLOAD_LIMITS"],"fullName":"Upload Limits Configuration DEFAULT_UPLOAD_LIMITS should have all required properties","status":"passed","title":"should have all required properties","duration":0.6246999999999616,"failureMessages":[],"meta":{}},{"ancestorTitles":["Upload Limits Configuration","DEFAULT_UPLOAD_LIMITS"],"fullName":"Upload Limits Configuration DEFAULT_UPLOAD_LIMITS should use BASE_UPLOAD_LIMIT for maxFileSize","status":"passed","title":"should use BASE_UPLOAD_LIMIT for maxFileSize","duration":0.24270000000001346,"failureMessages":[],"meta":{}},{"ancestorTitles":["Upload Limits Configuration","DEFAULT_UPLOAD_LIMITS"],"fullName":"Upload Limits Configuration DEFAULT_UPLOAD_LIMITS should use BASE_UPLOAD_LIMIT for maxCloudSaveSize","status":"passed","title":"should use BASE_UPLOAD_LIMIT for maxCloudSaveSize","duration":0.24220000000002528,"failureMessages":[],"meta":{}},{"ancestorTitles":["Upload Limits Configuration","DEFAULT_UPLOAD_LIMITS"],"fullName":"Upload Limits Configuration DEFAULT_UPLOAD_LIMITS should have 1 MB for maxThumbnailSize","status":"passed","title":"should have 1 MB for maxThumbnailSize","duration":0.1302000000000021,"failureMessages":[],"meta":{}},{"ancestorTitles":["Upload Limits Configuration","DEFAULT_UPLOAD_LIMITS"],"fullName":"Upload Limits Configuration DEFAULT_UPLOAD_LIMITS should have 5 MB for maxProfilePictureSize","status":"passed","title":"should have 5 MB for maxProfilePictureSize","duration":0.17039999999997235,"failureMessages":[],"meta":{}},{"ancestorTitles":["Upload Limits Configuration","formatFileSize"],"fullName":"Upload Limits Configuration formatFileSize should format bytes correctly","status":"passed","title":"should format bytes correctly","duration":0.358099999999979,"failureMessages":[],"meta":{}},{"ancestorTitles":["Upload Limits Configuration","formatFileSize"],"fullName":"Upload Limits Configuration formatFileSize should format kilobytes correctly","status":"passed","title":"should format kilobytes correctly","duration":0.25979999999998427,"failureMessages":[],"meta":{}},{"ancestorTitles":["Upload Limits Configuration","formatFileSize"],"fullName":"Upload Limits Configuration formatFileSize should format megabytes correctly","status":"passed","title":"should format megabytes correctly","duration":0.38630000000000564,"failureMessages":[],"meta":{}},{"ancestorTitles":["Upload Limits Configuration","formatFileSize"],"fullName":"Upload Limits Configuration formatFileSize should format gigabytes correctly","status":"passed","title":"should format gigabytes correctly","duration":0.2545000000000073,"failureMessages":[],"meta":{}},{"ancestorTitles":["Upload Limits Configuration","formatFileSize"],"fullName":"Upload Limits Configuration formatFileSize should handle edge cases","status":"passed","title":"should handle edge cases","duration":0.12319999999999709,"failureMessages":[],"meta":{}},{"ancestorTitles":["Upload Limits Configuration","validateFileSize"],"fullName":"Upload Limits Configuration validateFileSize should return valid for files under the limit","status":"passed","title":"should return valid for files under the limit","duration":0.1845000000000141,"failureMessages":[],"meta":{}},{"ancestorTitles":["Upload Limits Configuration","validateFileSize"],"fullName":"Upload Limits Configuration validateFileSize should return valid for files exactly at the limit","status":"passed","title":"should return valid for files exactly at the limit","duration":0.12520000000000664,"failureMessages":[],"meta":{}},{"ancestorTitles":["Upload Limits Configuration","validateFileSize"],"fullName":"Upload Limits Configuration validateFileSize should return invalid for files over the limit","status":"passed","title":"should return invalid for files over the limit","duration":0.3209000000000515,"failureMessages":[],"meta":{}},{"ancestorTitles":["Upload Limits Configuration","validateFileSize"],"fullName":"Upload Limits Configuration validateFileSize should handle zero byte files","status":"passed","title":"should handle zero byte files","duration":0.1867000000000303,"failureMessages":[],"meta":{}},{"ancestorTitles":["Upload Limits Configuration","validateFileSize"],"fullName":"Upload Limits Configuration validateFileSize should handle very large files","status":"passed","title":"should handle very large files","duration":0.18299999999999272,"failureMessages":[],"meta":{}},{"ancestorTitles":["Upload Limits Configuration","validateFileSize"],"fullName":"Upload Limits Configuration validateFileSize should handle small limits","status":"passed","title":"should handle small limits","duration":0.20470000000000255,"failureMessages":[],"meta":{}},{"ancestorTitles":["Upload Limits Configuration","getUploadLimits"],"fullName":"Upload Limits Configuration getUploadLimits should return default limits when no overrides provided","status":"passed","title":"should return default limits when no overrides provided","duration":0.6879000000000133,"failureMessages":[],"meta":{}},{"ancestorTitles":["Upload Limits Configuration","getUploadLimits"],"fullName":"Upload Limits Configuration getUploadLimits should return default limits when empty overrides provided","status":"passed","title":"should return default limits when empty overrides provided","duration":0.13040000000000873,"failureMessages":[],"meta":{}},{"ancestorTitles":["Upload Limits Configuration","getUploadLimits"],"fullName":"Upload Limits Configuration getUploadLimits should override maxFileSize when provided","status":"passed","title":"should override maxFileSize when provided","duration":0.16270000000002938,"failureMessages":[],"meta":{}},{"ancestorTitles":["Upload Limits Configuration","getUploadLimits"],"fullName":"Upload Limits Configuration getUploadLimits should override maxThumbnailSize when provided","status":"passed","title":"should override maxThumbnailSize when provided","duration":0.10789999999997235,"failureMessages":[],"meta":{}},{"ancestorTitles":["Upload Limits Configuration","getUploadLimits"],"fullName":"Upload Limits Configuration getUploadLimits should override multiple limits when provided","status":"passed","title":"should override multiple limits when provided","duration":0.12810000000001764,"failureMessages":[],"meta":{}},{"ancestorTitles":["Upload Limits Configuration","getUploadLimits"],"fullName":"Upload Limits Configuration getUploadLimits should override all limits when all provided","status":"passed","title":"should override all limits when all provided","duration":0.1268999999999778,"failureMessages":[],"meta":{}},{"ancestorTitles":["Upload Limits Configuration","createFileSizeValidator"],"fullName":"Upload Limits Configuration createFileSizeValidator should create a validator function for a specific limit","status":"passed","title":"should create a validator function for a specific limit","duration":0.09649999999999181,"failureMessages":[],"meta":{}},{"ancestorTitles":["Upload Limits Configuration","createFileSizeValidator"],"fullName":"Upload Limits Configuration createFileSizeValidator should return valid for files under the limit","status":"passed","title":"should return valid for files under the limit","duration":0.09140000000002146,"failureMessages":[],"meta":{}},{"ancestorTitles":["Upload Limits Configuration","createFileSizeValidator"],"fullName":"Upload Limits Configuration createFileSizeValidator should return invalid for files over the limit","status":"passed","title":"should return invalid for files over the limit","duration":0.10400000000004184,"failureMessages":[],"meta":{}},{"ancestorTitles":["Upload Limits Configuration","createFileSizeValidator"],"fullName":"Upload Limits Configuration createFileSizeValidator should work with different limits","status":"passed","title":"should work with different limits","duration":0.17179999999996198,"failureMessages":[],"meta":{}}],"startTime":1767020757274,"endTime":1767020757284.1719,"status":"passed","message":"","name":"C:/Users/mamop/Documents/source fade script plugin/packages/api-framework/upload-limits.test.ts"},{"assertionResults":[{"ancestorTitles":["Binary JWT Encryption Utilities","encryptBinaryWithJWT"],"fullName":"Binary JWT Encryption Utilities encryptBinaryWithJWT should encrypt binary data with valid JWT token","status":"passed","title":"should encrypt binary data with valid JWT token","duration":66.42030000000005,"failureMessages":[],"meta":{}},{"ancestorTitles":["Binary JWT Encryption Utilities","encryptBinaryWithJWT"],"fullName":"Binary JWT Encryption Utilities encryptBinaryWithJWT should encrypt ArrayBuffer","status":"passed","title":"should encrypt ArrayBuffer","duration":51.07000000000005,"failureMessages":[],"meta":{}},{"ancestorTitles":["Binary JWT Encryption Utilities","encryptBinaryWithJWT"],"fullName":"Binary JWT Encryption Utilities encryptBinaryWithJWT should throw error for invalid token (too short)","status":"passed","title":"should throw error for invalid token (too short)","duration":2.0756999999999834,"failureMessages":[],"meta":{}},{"ancestorTitles":["Binary JWT Encryption Utilities","encryptBinaryWithJWT"],"fullName":"Binary JWT Encryption Utilities encryptBinaryWithJWT should throw error for empty token","status":"passed","title":"should throw error for empty token","duration":1.2232999999999947,"failureMessages":[],"meta":{}},{"ancestorTitles":["Binary JWT Encryption Utilities","encryptBinaryWithJWT"],"fullName":"Binary JWT Encryption Utilities encryptBinaryWithJWT should generate unique encryption for same data","status":"passed","title":"should generate unique encryption for same data","duration":109.31400000000008,"failureMessages":[],"meta":{}},{"ancestorTitles":["Binary JWT Encryption Utilities","encryptBinaryWithJWT"],"fullName":"Binary JWT Encryption Utilities encryptBinaryWithJWT should handle large binary data","status":"passed","title":"should handle large binary data","duration":60.00310000000002,"failureMessages":[],"meta":{}},{"ancestorTitles":["Binary JWT Encryption Utilities","encryptBinaryWithJWT"],"fullName":"Binary JWT Encryption Utilities encryptBinaryWithJWT should handle empty binary data","status":"passed","title":"should handle empty binary data","duration":47.00030000000004,"failureMessages":[],"meta":{}},{"ancestorTitles":["Binary JWT Encryption Utilities","encryptBinaryWithJWT"],"fullName":"Binary JWT Encryption Utilities encryptBinaryWithJWT should have correct binary format structure","status":"passed","title":"should have correct binary format structure","duration":51.375999999999976,"failureMessages":[],"meta":{}},{"ancestorTitles":["Binary JWT Encryption Utilities","decryptBinaryWithJWT"],"fullName":"Binary JWT Encryption Utilities decryptBinaryWithJWT should decrypt binary data with correct token","status":"passed","title":"should decrypt binary data with correct token","duration":94.0424999999999,"failureMessages":[],"meta":{}},{"ancestorTitles":["Binary JWT Encryption Utilities","decryptBinaryWithJWT"],"fullName":"Binary JWT Encryption Utilities decryptBinaryWithJWT should decrypt ArrayBuffer","status":"passed","title":"should decrypt ArrayBuffer","duration":99.04029999999989,"failureMessages":[],"meta":{}},{"ancestorTitles":["Binary JWT Encryption Utilities","decryptBinaryWithJWT"],"fullName":"Binary JWT Encryption Utilities decryptBinaryWithJWT should throw error for wrong token","status":"passed","title":"should throw error for wrong token","duration":44.66560000000004,"failureMessages":[],"meta":{}},{"ancestorTitles":["Binary JWT Encryption Utilities","decryptBinaryWithJWT"],"fullName":"Binary JWT Encryption Utilities decryptBinaryWithJWT should throw error for invalid token (too short)","status":"passed","title":"should throw error for invalid token (too short)","duration":0.6279999999999291,"failureMessages":[],"meta":{}},{"ancestorTitles":["Binary JWT Encryption Utilities","decryptBinaryWithJWT"],"fullName":"Binary JWT Encryption Utilities decryptBinaryWithJWT should throw error for empty token","status":"passed","title":"should throw error for empty token","duration":0.24469999999996617,"failureMessages":[],"meta":{}},{"ancestorTitles":["Binary JWT Encryption Utilities","decryptBinaryWithJWT"],"fullName":"Binary JWT Encryption Utilities decryptBinaryWithJWT should throw error for invalid binary format (too short)","status":"passed","title":"should throw error for invalid binary format (too short)","duration":0.20910000000003492,"failureMessages":[],"meta":{}},{"ancestorTitles":["Binary JWT Encryption Utilities","decryptBinaryWithJWT"],"fullName":"Binary JWT Encryption Utilities decryptBinaryWithJWT should throw error for unsupported version","status":"passed","title":"should throw error for unsupported version","duration":0.22339999999985594,"failureMessages":[],"meta":{}},{"ancestorTitles":["Binary JWT Encryption Utilities","decryptBinaryWithJWT"],"fullName":"Binary JWT Encryption Utilities decryptBinaryWithJWT should throw error for invalid header lengths","status":"passed","title":"should throw error for invalid header lengths","duration":0.18529999999987012,"failureMessages":[],"meta":{}},{"ancestorTitles":["Binary JWT Encryption Utilities","decryptBinaryWithJWT"],"fullName":"Binary JWT Encryption Utilities decryptBinaryWithJWT should decrypt large binary data","status":"passed","title":"should decrypt large binary data","duration":2964.1653,"failureMessages":[],"meta":{}},{"ancestorTitles":["Binary JWT Encryption Utilities","decryptBinaryWithJWT"],"fullName":"Binary JWT Encryption Utilities decryptBinaryWithJWT should decrypt empty binary data","status":"passed","title":"should decrypt empty binary data","duration":89.39099999999962,"failureMessages":[],"meta":{}},{"ancestorTitles":["Binary JWT Encryption Utilities","decryptBinaryWithJWT"],"fullName":"Binary JWT Encryption Utilities decryptBinaryWithJWT should verify token hash matches","status":"passed","title":"should verify token hash matches","duration":91.16769999999997,"failureMessages":[],"meta":{}},{"ancestorTitles":["Binary JWT Encryption Utilities","encrypt/decrypt round-trip"],"fullName":"Binary JWT Encryption Utilities encrypt/decrypt round-trip should successfully encrypt and decrypt binary data","status":"passed","title":"should successfully encrypt and decrypt binary data","duration":92.6842999999999,"failureMessages":[],"meta":{}},{"ancestorTitles":["Binary JWT Encryption Utilities","encrypt/decrypt round-trip"],"fullName":"Binary JWT Encryption Utilities encrypt/decrypt round-trip should handle multiple encrypt/decrypt cycles","status":"passed","title":"should handle multiple encrypt/decrypt cycles","duration":527.3910000000005,"failureMessages":[],"meta":{}},{"ancestorTitles":["Binary JWT Encryption Utilities","encrypt/decrypt round-trip"],"fullName":"Binary JWT Encryption Utilities encrypt/decrypt round-trip should maintain data integrity through encryption/decryption","status":"passed","title":"should maintain data integrity through encryption/decryption","duration":358.8833999999997,"failureMessages":[],"meta":{}},{"ancestorTitles":["Binary JWT Encryption Utilities","compression"],"fullName":"Binary JWT Encryption Utilities compression should compress compressible data","status":"passed","title":"should compress compressible data","duration":48.15530000000035,"failureMessages":[],"meta":{}},{"ancestorTitles":["Binary JWT Encryption Utilities","compression"],"fullName":"Binary JWT Encryption Utilities compression should handle non-compressible data (skip compression)","status":"passed","title":"should handle non-compressible data (skip compression)","duration":92.48790000000008,"failureMessages":[],"meta":{}},{"ancestorTitles":["Binary JWT Encryption Utilities","compression"],"fullName":"Binary JWT Encryption Utilities compression should decompress compressed data correctly","status":"passed","title":"should decompress compressed data correctly","duration":96.4411999999993,"failureMessages":[],"meta":{}},{"ancestorTitles":["Binary JWT Encryption Utilities","storage efficiency"],"fullName":"Binary JWT Encryption Utilities storage efficiency should have minimal overhead compared to base64 encoding","status":"passed","title":"should have minimal overhead compared to base64 encoding","duration":45.36939999999959,"failureMessages":[],"meta":{}}],"startTime":1767020757279,"endTime":1767020762315.3694,"status":"passed","message":"","name":"C:/Users/mamop/Documents/source fade script plugin/packages/api-framework/encryption/jwt-encryption-binary.test.ts"},{"assertionResults":[{"ancestorTitles":["Multi-Stage Encryption System","generateRequestKey"],"fullName":"Multi-Stage Encryption System generateRequestKey should generate a valid request key","status":"passed","title":"should generate a valid request key","duration":6.063499999999976,"failureMessages":[],"meta":{}},{"ancestorTitles":["Multi-Stage Encryption System","generateRequestKey"],"fullName":"Multi-Stage Encryption System generateRequestKey should generate unique keys","status":"passed","title":"should generate unique keys","duration":2.0750000000000455,"failureMessages":[],"meta":{}},{"ancestorTitles":["Multi-Stage Encryption System","generateRequestKey"],"fullName":"Multi-Stage Encryption System generateRequestKey should generate base64 encoded keys","status":"passed","title":"should generate base64 encoded keys","duration":0.36930000000000973,"failureMessages":[],"meta":{}},{"ancestorTitles":["Multi-Stage Encryption System","isMultiEncrypted / isDoubleEncrypted"],"fullName":"Multi-Stage Encryption System isMultiEncrypted / isDoubleEncrypted should identify multi-encrypted data","status":"passed","title":"should identify multi-encrypted data","duration":154.43130000000002,"failureMessages":[],"meta":{}},{"ancestorTitles":["Multi-Stage Encryption System","isMultiEncrypted / isDoubleEncrypted"],"fullName":"Multi-Stage Encryption System isMultiEncrypted / isDoubleEncrypted should identify double-encrypted data","status":"passed","title":"should identify double-encrypted data","duration":99.6191,"failureMessages":[],"meta":{}},{"ancestorTitles":["Multi-Stage Encryption System","isMultiEncrypted / isDoubleEncrypted"],"fullName":"Multi-Stage Encryption System isMultiEncrypted / isDoubleEncrypted should return false for non-encrypted data","status":"passed","title":"should return false for non-encrypted data","duration":0.8438999999999623,"failureMessages":[],"meta":{}},{"ancestorTitles":["Multi-Stage Encryption System","encryptMultiStage - Basic Functionality"],"fullName":"Multi-Stage Encryption System encryptMultiStage - Basic Functionality should encrypt data with 2 parties","status":"passed","title":"should encrypt data with 2 parties","duration":147.46500000000003,"failureMessages":[],"meta":{}},{"ancestorTitles":["Multi-Stage Encryption System","encryptMultiStage - Basic Functionality"],"fullName":"Multi-Stage Encryption System encryptMultiStage - Basic Functionality should encrypt data with 3 parties","status":"passed","title":"should encrypt data with 3 parties","duration":191.0906000000001,"failureMessages":[],"meta":{}},{"ancestorTitles":["Multi-Stage Encryption System","encryptMultiStage - Basic Functionality"],"fullName":"Multi-Stage Encryption System encryptMultiStage - Basic Functionality should encrypt data with 5 parties","status":"passed","title":"should encrypt data with 5 parties","duration":260.2926,"failureMessages":[],"meta":{}},{"ancestorTitles":["Multi-Stage Encryption System","encryptMultiStage - Basic Functionality"],"fullName":"Multi-Stage Encryption System encryptMultiStage - Basic Functionality should throw error for less than 2 parties","status":"passed","title":"should throw error for less than 2 parties","duration":1.2753000000000156,"failureMessages":[],"meta":{}},{"ancestorTitles":["Multi-Stage Encryption System","encryptMultiStage - Basic Functionality"],"fullName":"Multi-Stage Encryption System encryptMultiStage - Basic Functionality should throw error for more than 10 parties","status":"passed","title":"should throw error for more than 10 parties","duration":0.3432000000000244,"failureMessages":[],"meta":{}},{"ancestorTitles":["Multi-Stage Encryption System","encryptMultiStage - Basic Functionality"],"fullName":"Multi-Stage Encryption System encryptMultiStage - Basic Functionality should throw error for invalid party key (too short)","status":"passed","title":"should throw error for invalid party key (too short)","duration":0.1972000000000662,"failureMessages":[],"meta":{}},{"ancestorTitles":["Multi-Stage Encryption System","encryptMultiStage - Basic Functionality"],"fullName":"Multi-Stage Encryption System encryptMultiStage - Basic Functionality should throw error for missing party id","status":"passed","title":"should throw error for missing party id","duration":0.19069999999987886,"failureMessages":[],"meta":{}},{"ancestorTitles":["Multi-Stage Encryption System","decryptMultiStage - Order-Independent Decryption"],"fullName":"Multi-Stage Encryption System decryptMultiStage - Order-Independent Decryption should decrypt with parties in encryption order","status":"passed","title":"should decrypt with parties in encryption order","duration":257.06320000000005,"failureMessages":[],"meta":{}},{"ancestorTitles":["Multi-Stage Encryption System","decryptMultiStage - Order-Independent Decryption"],"fullName":"Multi-Stage Encryption System decryptMultiStage - Order-Independent Decryption should decrypt with parties in REVERSE order (order-independent!)","status":"passed","title":"should decrypt with parties in REVERSE order (order-independent!)","duration":283.317,"failureMessages":[],"meta":{}},{"ancestorTitles":["Multi-Stage Encryption System","decryptMultiStage - Order-Independent Decryption"],"fullName":"Multi-Stage Encryption System decryptMultiStage - Order-Independent Decryption should decrypt with parties in RANDOM order (order-independent!)","status":"passed","title":"should decrypt with parties in RANDOM order (order-independent!)","duration":383.97259999999983,"failureMessages":[],"meta":{}},{"ancestorTitles":["Multi-Stage Encryption System","decryptMultiStage - Order-Independent Decryption"],"fullName":"Multi-Stage Encryption System decryptMultiStage - Order-Independent Decryption should require ALL parties to decrypt","status":"passed","title":"should require ALL parties to decrypt","duration":165.7552999999998,"failureMessages":[],"meta":{}},{"ancestorTitles":["Multi-Stage Encryption System","decryptMultiStage - Order-Independent Decryption"],"fullName":"Multi-Stage Encryption System decryptMultiStage - Order-Independent Decryption should fail if any party key is missing","status":"passed","title":"should fail if any party key is missing","duration":181.44959999999992,"failureMessages":[],"meta":{}},{"ancestorTitles":["Multi-Stage Encryption System","decryptMultiStage - Order-Independent Decryption"],"fullName":"Multi-Stage Encryption System decryptMultiStage - Order-Independent Decryption should fail if owner key is wrong","status":"passed","title":"should fail if owner key is wrong","duration":132.11130000000003,"failureMessages":[],"meta":{}},{"ancestorTitles":["Multi-Stage Encryption System","decryptMultiStage - Order-Independent Decryption"],"fullName":"Multi-Stage Encryption System decryptMultiStage - Order-Independent Decryption should verify all parties can decrypt their master keys","status":"passed","title":"should verify all parties can decrypt their master keys","duration":344.4656,"failureMessages":[],"meta":{}},{"ancestorTitles":["Multi-Stage Encryption System","decryptMultiStage - Order-Independent Decryption"],"fullName":"Multi-Stage Encryption System decryptMultiStage - Order-Independent Decryption should fail if one party cannot decrypt their master key","status":"passed","title":"should fail if one party cannot decrypt their master key","duration":271.7819999999997,"failureMessages":[],"meta":{}},{"ancestorTitles":["Multi-Stage Encryption System","decryptMultiStage - Key Type Verification"],"fullName":"Multi-Stage Encryption System decryptMultiStage - Key Type Verification should verify key types match","status":"passed","title":"should verify key types match","duration":174.7144000000003,"failureMessages":[],"meta":{}},{"ancestorTitles":["Multi-Stage Encryption System","encryptTwoStage / decryptTwoStage - Backward Compatibility"],"fullName":"Multi-Stage Encryption System encryptTwoStage / decryptTwoStage - Backward Compatibility should encrypt and decrypt with two-stage encryption","status":"passed","title":"should encrypt and decrypt with two-stage encryption","duration":185.21140000000014,"failureMessages":[],"meta":{}},{"ancestorTitles":["Multi-Stage Encryption System","encryptTwoStage / decryptTwoStage - Backward Compatibility"],"fullName":"Multi-Stage Encryption System encryptTwoStage / decryptTwoStage - Backward Compatibility should handle two-stage encryption with different data types","status":"passed","title":"should handle two-stage encryption with different data types","duration":900.8091,"failureMessages":[],"meta":{}},{"ancestorTitles":["Multi-Stage Encryption System","encryptTwoStage / decryptTwoStage - Backward Compatibility"],"fullName":"Multi-Stage Encryption System encryptTwoStage / decryptTwoStage - Backward Compatibility should fail two-stage decryption with wrong owner token","status":"passed","title":"should fail two-stage decryption with wrong owner token","duration":127.54070000000047,"failureMessages":[],"meta":{}},{"ancestorTitles":["Multi-Stage Encryption System","encryptTwoStage / decryptTwoStage - Backward Compatibility"],"fullName":"Multi-Stage Encryption System encryptTwoStage / decryptTwoStage - Backward Compatibility should fail two-stage decryption with wrong request key","status":"passed","title":"should fail two-stage decryption with wrong request key","duration":136.72220000000016,"failureMessages":[],"meta":{}},{"ancestorTitles":["Multi-Stage Encryption System","Multi-Stage Encryption - Different Key Types"],"fullName":"Multi-Stage Encryption System Multi-Stage Encryption - Different Key Types should work with all JWT tokens","status":"passed","title":"should work with all JWT tokens","duration":271.20910000000003,"failureMessages":[],"meta":{}},{"ancestorTitles":["Multi-Stage Encryption System","Multi-Stage Encryption - Different Key Types"],"fullName":"Multi-Stage Encryption System Multi-Stage Encryption - Different Key Types should work with all request keys","status":"passed","title":"should work with all request keys","duration":266.9920000000002,"failureMessages":[],"meta":{}},{"ancestorTitles":["Multi-Stage Encryption System","Multi-Stage Encryption - Different Key Types"],"fullName":"Multi-Stage Encryption System Multi-Stage Encryption - Different Key Types should work with all custom keys","status":"passed","title":"should work with all custom keys","duration":256.8332999999993,"failureMessages":[],"meta":{}},{"ancestorTitles":["Multi-Stage Encryption System","Multi-Stage Encryption - Different Key Types"],"fullName":"Multi-Stage Encryption System Multi-Stage Encryption - Different Key Types should work with mixed key types","status":"passed","title":"should work with mixed key types","duration":330.96690000000035,"failureMessages":[],"meta":{}},{"ancestorTitles":["Multi-Stage Encryption System","Multi-Stage Encryption - Edge Cases"],"fullName":"Multi-Stage Encryption System Multi-Stage Encryption - Edge Cases should handle empty object","status":"passed","title":"should handle empty object","duration":261.1986999999999,"failureMessages":[],"meta":{}},{"ancestorTitles":["Multi-Stage Encryption System","Multi-Stage Encryption - Edge Cases"],"fullName":"Multi-Stage Encryption System Multi-Stage Encryption - Edge Cases should handle large data objects","status":"passed","title":"should handle large data objects","duration":264.5672999999997,"failureMessages":[],"meta":{}},{"ancestorTitles":["Multi-Stage Encryption System","Multi-Stage Encryption - Edge Cases"],"fullName":"Multi-Stage Encryption System Multi-Stage Encryption - Edge Cases should handle special characters in data","status":"passed","title":"should handle special characters in data","duration":254.9429,"failureMessages":[],"meta":{}},{"ancestorTitles":["Multi-Stage Encryption System","Multi-Stage Encryption - Edge Cases"],"fullName":"Multi-Stage Encryption System Multi-Stage Encryption - Edge Cases should produce different encrypted output for same data","status":"passed","title":"should produce different encrypted output for same data","duration":509.33629999999994,"failureMessages":[],"meta":{}},{"ancestorTitles":["Multi-Stage Encryption System","Multi-Stage Encryption - Security Properties"],"fullName":"Multi-Stage Encryption System Multi-Stage Encryption - Security Properties should verify all master keys match (data integrity)","status":"passed","title":"should verify all master keys match (data integrity)","duration":337.76770000000033,"failureMessages":[],"meta":{}},{"ancestorTitles":["Multi-Stage Encryption System","Multi-Stage Encryption - Security Properties"],"fullName":"Multi-Stage Encryption System Multi-Stage Encryption - Security Properties should fail if master keys do not match (tampering detection)","status":"passed","title":"should fail if master keys do not match (tampering detection)","duration":168.96979999999985,"failureMessages":[],"meta":{}},{"ancestorTitles":["Multi-Stage Encryption System","Multi-Stage Encryption - Real-World Scenarios"],"fullName":"Multi-Stage Encryption System Multi-Stage Encryption - Real-World Scenarios should handle user email encryption scenario","status":"passed","title":"should handle user email encryption scenario","duration":168.46810000000005,"failureMessages":[],"meta":{}},{"ancestorTitles":["Multi-Stage Encryption System","Multi-Stage Encryption - Real-World Scenarios"],"fullName":"Multi-Stage Encryption System Multi-Stage Encryption - Real-World Scenarios should handle multi-party data sharing scenario","status":"passed","title":"should handle multi-party data sharing scenario","duration":338.98029999999926,"failureMessages":[],"meta":{}},{"ancestorTitles":["Multi-Stage Encryption System","Multi-Stage Encryption - Performance"],"fullName":"Multi-Stage Encryption System Multi-Stage Encryption - Performance should complete encryption/decryption in reasonable time","status":"passed","title":"should complete encryption/decryption in reasonable time","duration":340.64430000000175,"failureMessages":[],"meta":{}}],"startTime":1767020757288,"endTime":1767020765472.6443,"status":"passed","message":"","name":"C:/Users/mamop/Documents/source fade script plugin/packages/api-framework/encryption/multi-stage-encryption.test.ts"}]}