{"C:\\Users\\mamop\\Documents\\source fade script plugin\\packages\\api-framework\\src\\utils\\service-url.ts": {"path":"C:\\Users\\mamop\\Documents\\source fade script plugin\\packages\\api-framework\\src\\utils\\service-url.ts","statementMap":{"0":{"start":{"line":38,"column":4},"end":{"line":41,"column":null}},"1":{"start":{"line":76,"column":4},"end":{"line":78,"column":null}},"2":{"start":{"line":77,"column":8},"end":{"line":77,"column":null}},"3":{"start":{"line":81,"column":4},"end":{"line":83,"column":null}},"4":{"start":{"line":82,"column":8},"end":{"line":82,"column":null}},"5":{"start":{"line":86,"column":4},"end":{"line":86,"column":null}},"6":{"start":{"line":96,"column":4},"end":{"line":100,"column":null}},"7":{"start":{"line":110,"column":4},"end":{"line":114,"column":null}},"8":{"start":{"line":124,"column":4},"end":{"line":128,"column":null}}},"fnMap":{"0":{"name":"isLocalDev","decl":{"start":{"line":37,"column":16},"end":{"line":37,"column":27}},"loc":{"start":{"line":37,"column":56},"end":{"line":42,"column":null}},"line":37},"1":{"name":"getServiceUrl","decl":{"start":{"line":74,"column":16},"end":{"line":74,"column":30}},"loc":{"start":{"line":74,"column":84},"end":{"line":87,"column":null}},"line":74},"2":{"name":"getAuthApiUrl","decl":{"start":{"line":95,"column":16},"end":{"line":95,"column":30}},"loc":{"start":{"line":95,"column":58},"end":{"line":101,"column":null}},"line":95},"3":{"name":"getCustomerApiUrl","decl":{"start":{"line":109,"column":16},"end":{"line":109,"column":34}},"loc":{"start":{"line":109,"column":62},"end":{"line":115,"column":null}},"line":109},"4":{"name":"getModsApiUrl","decl":{"start":{"line":123,"column":16},"end":{"line":123,"column":30}},"loc":{"start":{"line":123,"column":58},"end":{"line":129,"column":null}},"line":123}},"branchMap":{"0":{"loc":{"start":{"line":38,"column":11},"end":{"line":41,"column":null}},"type":"binary-expr","locations":[{"start":{"line":38,"column":11},"end":{"line":38,"column":null}},{"start":{"line":39,"column":11},"end":{"line":39,"column":null}},{"start":{"line":40,"column":11},"end":{"line":40,"column":null}},{"start":{"line":41,"column":11},"end":{"line":41,"column":null}}],"line":38},"1":{"loc":{"start":{"line":76,"column":4},"end":{"line":78,"column":null}},"type":"if","locations":[{"start":{"line":76,"column":4},"end":{"line":78,"column":null}},{"start":{},"end":{}}],"line":76},"2":{"loc":{"start":{"line":81,"column":4},"end":{"line":83,"column":null}},"type":"if","locations":[{"start":{"line":81,"column":4},"end":{"line":83,"column":null}},{"start":{},"end":{}}],"line":81},"3":{"loc":{"start":{"line":81,"column":8},"end":{"line":81,"column":53}},"type":"binary-expr","locations":[{"start":{"line":81,"column":8},"end":{"line":81,"column":29}},{"start":{"line":81,"column":29},"end":{"line":81,"column":53}}],"line":81}},"s":{"0":76,"1":65,"2":38,"3":27,"4":12,"5":15,"6":18,"7":16,"8":15},"f":{"0":76,"1":65,"2":18,"3":16,"4":15},"b":{"0":[76,59,48,43],"1":[38,27],"2":[12,15],"3":[27,26]},"meta":{"lastBranch":4,"lastFunction":5,"lastStatement":9,"seen":{"f:37:16:37:27":0,"s:38:4:41:Infinity":0,"b:38:11:38:Infinity:39:11:39:Infinity:40:11:40:Infinity:41:11:41:Infinity":0,"f:74:16:74:30":1,"b:76:4:78:Infinity:undefined:undefined:undefined:undefined":1,"s:76:4:78:Infinity":1,"s:77:8:77:Infinity":2,"b:81:4:83:Infinity:undefined:undefined:undefined:undefined":2,"s:81:4:83:Infinity":3,"b:81:8:81:29:81:29:81:53":3,"s:82:8:82:Infinity":4,"s:86:4:86:Infinity":5,"f:95:16:95:30":2,"s:96:4:100:Infinity":6,"f:109:16:109:34":3,"s:110:4:114:Infinity":7,"f:123:16:123:30":4,"s:124:4:128:Infinity":8}}}
}
