TN:
SF:src\utils\service-url.ts
FN:37,isLocalDev
FN:74,getServiceUrl
FN:95,getAuthApiUrl
FN:109,getCustomerApiUrl
FN:123,getModsApiUrl
FNF:5
FNH:5
FNDA:76,isLocalDev
FNDA:65,getServiceUrl
FNDA:18,getAuthApiUrl
FNDA:16,getCustomerApiUrl
FNDA:15,getModsApiUrl
DA:38,76
DA:76,65
DA:77,38
DA:81,27
DA:82,12
DA:86,15
DA:96,18
DA:110,16
DA:124,15
LF:9
LH:9
BRDA:38,0,0,76
BRDA:38,0,1,59
BRDA:38,0,2,48
BRDA:38,0,3,43
BRDA:76,1,0,38
BRDA:76,1,1,27
BRDA:81,2,0,12
BRDA:81,2,1,15
BRDA:81,3,0,27
BRDA:81,3,1,26
BRF:10
BRH:10
end_of_record
