TN:
SF:adapters\svelte.ts
FN:17,createAuthStore
FN:27,(anonymous_1)
FN:37,saveAuthState
FN:63,setCustomer
FN:71,login
FN:93,logout
FN:121,checkAuth
FN:169,fetchCustomerInfoFromAPI
FN:191,loadAuthState
FN:203,getAuthToken
FN:210,getCsrfToken
FNF:11
FNH:11
FNDA:29,createAuthStore
FNDA:3,(anonymous_1)
FNDA:30,saveAuthState
FNDA:5,setCustomer
FNDA:14,login
FNDA:4,logout
FNDA:7,checkAuth
FNDA:3,fetchCustomerInfoFromAPI
FNDA:2,loadAuthState
FNDA:2,getAuthToken
FNDA:2,getCsrfToken
DA:19,29
DA:20,29
DA:21,29
DA:22,29
DA:25,29
DA:28,3
DA:29,2
DA:38,30
DA:40,19
DA:41,19
DA:43,19
DA:46,19
DA:48,19
DA:49,19
DA:50,19
DA:51,19
DA:53,11
DA:54,11
DA:55,11
DA:56,11
DA:64,5
DA:72,14
DA:73,14
DA:74,1
DA:75,1
DA:78,13
DA:87,14
DA:94,4
DA:95,4
DA:97,4
DA:105,3
DA:106,0
DA:109,1
DA:112,4
DA:114,4
DA:122,7
DA:123,7
DA:124,7
DA:125,2
DA:126,2
DA:127,2
DA:131,4
DA:133,3
DA:134,2
DA:135,2
DA:136,2
DA:137,2
DA:139,2
DA:148,2
DA:149,2
DA:150,2
DA:153,1
DA:154,1
DA:155,1
DA:156,1
DA:159,2
DA:160,2
DA:161,2
DA:162,2
DA:170,3
DA:171,3
DA:172,2
DA:173,1
DA:174,1
DA:175,1
DA:180,1
DA:184,1
DA:192,2
DA:193,2
DA:195,0
DA:196,0
DA:204,2
DA:211,2
DA:214,29
LF:74
LH:71
BRDA:28,0,0,1
BRDA:28,0,1,2
BRDA:38,1,0,19
BRDA:38,1,1,11
BRDA:43,2,0,19
BRDA:43,2,1,0
BRDA:50,3,0,19
BRDA:50,3,1,4
BRDA:73,4,0,1
BRDA:73,4,1,13
BRDA:79,5,0,13
BRDA:79,5,1,0
BRDA:83,6,0,13
BRDA:83,6,1,0
BRDA:84,7,0,14
BRDA:84,7,1,1
BRDA:95,8,0,4
BRDA:95,8,1,0
BRDA:105,9,0,0
BRDA:105,9,1,3
BRDA:124,10,0,2
BRDA:124,10,1,5
BRDA:133,11,0,2
BRDA:133,11,1,1
BRDA:135,12,0,2
BRDA:135,12,1,0
BRDA:137,13,0,2
BRDA:137,13,1,0
BRDA:142,14,0,2
BRDA:142,14,1,0
BRDA:172,15,0,1
BRDA:172,15,1,1
BRDA:172,16,0,2
BRDA:172,16,1,2
BRDA:174,17,0,1
BRDA:174,17,1,0
BRDA:177,18,0,1
BRDA:177,18,1,0
BRF:38
BRH:28
end_of_record
TN:
SF:adapters\zustand.ts
FN:20,createAuthStore
FN:21,(anonymous_1)
FN:26,(anonymous_2)
FN:43,(anonymous_3)
FN:69,(anonymous_4)
FN:105,(anonymous_5)
FNF:6
FNH:5
FNDA:20,createAuthStore
FNDA:20,(anonymous_1)
FNDA:12,(anonymous_2)
FNDA:3,(anonymous_3)
FNDA:5,(anonymous_4)
FNDA:0,(anonymous_5)
DA:21,20
DA:27,12
DA:28,1
DA:33,1
DA:36,11
DA:44,3
DA:45,3
DA:46,3
DA:47,3
DA:54,3
DA:58,1
DA:61,3
DA:70,5
DA:71,5
DA:72,4
DA:73,3
DA:79,3
DA:84,3
DA:88,1
DA:93,1
DA:95,1
DA:96,1
DA:101,1
DA:106,0
DA:107,0
DA:108,0
DA:109,0
DA:110,0
DA:111,0
DA:117,0
DA:124,0
DA:129,20
LF:32
LH:24
BRDA:27,0,0,1
BRDA:27,0,1,11
BRDA:39,1,0,11
BRDA:39,1,1,9
BRDA:45,2,0,3
BRDA:45,2,1,3
BRDA:72,3,0,3
BRDA:72,3,1,1
BRDA:108,4,0,0
BRDA:108,4,1,0
BRDA:110,5,0,0
BRDA:110,5,1,0
BRDA:114,6,0,0
BRDA:114,6,1,0
BRF:14
BRH:8
end_of_record
TN:
SF:core\api.ts
FN:16,getAuthApiUrl
FN:65,getTokenFromCookie
FN:80,fetchCustomerInfo
FN:130,decodeJWTPayload
FNF:4
FNH:2
FNDA:8,getAuthApiUrl
FNDA:0,getTokenFromCookie
FNDA:0,fetchCustomerInfo
FNDA:16,decodeJWTPayload
DA:18,8
DA:19,2
DA:23,6
DA:24,1
DA:28,5
DA:29,0
DA:33,5
DA:34,2
DA:35,2
DA:39,4
DA:40,3
DA:45,3
DA:47,3
DA:52,1
DA:53,1
DA:57,0
DA:66,0
DA:71,0
DA:84,0
DA:85,0
DA:86,0
DA:87,0
DA:97,0
DA:110,0
DA:111,0
DA:118,0
DA:120,0
DA:121,0
DA:131,16
DA:132,16
DA:133,16
DA:135,15
DA:137,15
DA:141,15
DA:143,1
LF:35
LH:21
BRDA:18,0,0,2
BRDA:18,0,1,6
BRDA:23,1,0,1
BRDA:23,1,1,5
BRDA:23,2,0,6
BRDA:23,2,1,5
BRDA:28,3,0,0
BRDA:28,3,1,5
BRDA:28,4,0,5
BRDA:28,4,1,5
BRDA:33,5,0,2
BRDA:33,5,1,3
BRDA:33,6,0,5
BRDA:33,6,1,4
BRDA:35,7,0,1
BRDA:35,7,1,1
BRDA:39,8,0,3
BRDA:39,8,1,1
BRDA:40,9,0,3
BRDA:40,9,1,2
BRDA:40,9,2,1
BRDA:40,9,3,0
BRDA:45,10,0,3
BRDA:45,10,1,0
BRDA:52,11,0,1
BRDA:52,11,1,0
BRDA:52,12,0,1
BRDA:52,12,1,1
BRDA:66,13,0,0
BRDA:66,13,1,0
BRDA:110,14,0,0
BRDA:110,14,1,0
BRDA:110,15,0,0
BRDA:110,15,1,0
BRDA:112,16,0,0
BRDA:112,16,1,0
BRDA:113,17,0,0
BRDA:113,17,1,0
BRDA:114,18,0,0
BRDA:114,18,1,0
BRDA:120,19,0,0
BRDA:120,19,1,0
BRDA:133,20,0,1
BRDA:133,20,1,15
BRF:44
BRH:26
end_of_record
TN:
SF:core\index.ts
FNF:0
FNH:0
LF:0
LH:0
BRF:0
BRH:0
end_of_record
TN:
SF:core\types.ts
FNF:0
FNH:0
LF:0
LH:0
BRF:0
BRH:0
end_of_record
TN:
SF:core\utils.ts
FN:11,getCookie
FN:31,deleteCookie
FNF:2
FNH:2
FNDA:10,getCookie
FNDA:5,deleteCookie
DA:12,10
DA:14,9
DA:15,9
DA:17,9
DA:18,12
DA:19,12
DA:20,12
DA:23,1
DA:32,5
DA:34,4
LF:10
LH:10
BRDA:12,0,0,1
BRDA:12,0,1,9
BRDA:20,1,0,8
BRDA:20,1,1,4
BRDA:32,2,0,1
BRDA:32,2,1,4
BRF:6
BRH:6
end_of_record
